# JRE version: Java(TM) SE Runtime Environment (8.0_77-b03) (build 1.8.0_77-b03)
# Java VM: Java HotSpot(TM) 64-Bit Server VM (25.77-b03 mixed mode bsd-amd64 compressed oops)
Heap:
 PSYoungGen      total 127488K, used 64551K [0x0000000795580000, 0x000000079e480000, 0x00000007c0000000)
  eden space 117760K, 46% used [0x0000000795580000,0x0000000798b0b618,0x000000079c880000)
  from space 9728K, 99% used [0x000000079cd00000,0x000000079d67e738,0x000000079d680000)
  to   space 14336K, 0% used [0x000000079d680000,0x000000079d680000,0x000000079e480000)
 ParOldGen       total 46592K, used 16022K [0x0000000740000000, 0x0000000742d80000, 0x0000000795580000)
  object space 46592K, 34% used [0x0000000740000000,0x0000000740fa5988,0x0000000742d80000)
 Metaspace       used 28033K, capacity 28344K, committed 28672K, reserved 1075200K
  class space    used 3440K, capacity 3566K, committed 3584K, reserved 1048576K
GC Heap History (10 events):
Event: 19.185 GC heap before
{Heap before GC invocations=4 (full 0):
 PSYoungGen      total 38400K, used 34980K [0x0000000795580000, 0x000000079a080000, 0x00000007c0000000)
  eden space 33280K, 89% used [0x0000000795580000,0x00000007972abaf0,0x0000000797600000)
  from space 5120K, 99% used [0x0000000797600000,0x0000000797afd568,0x0000000797b00000)
  to   space 5120K, 0% used [0x0000000799b80000,0x0000000799b80000,0x000000079a080000)
 ParOldGen       total 87552K, used 4803K [0x0000000740000000, 0x0000000745580000, 0x0000000795580000)
  object space 87552K, 5% used [0x0000000740000000,0x00000007404b0cc8,0x0000000745580000)
 Metaspace       used 20759K, capacity 21032K, committed 21296K, reserved 1069056K
  class space    used 2506K, capacity 2630K, committed 2688K, reserved 1048576K
Event: 19.193 GC heap after
Heap after GC invocations=4 (full 0):
 PSYoungGen      total 71680K, used 3936K [0x0000000795580000, 0x000000079a080000, 0x00000007c0000000)
  eden space 66560K, 0% used [0x0000000795580000,0x0000000795580000,0x0000000799680000)
  from space 5120K, 76% used [0x0000000799b80000,0x0000000799f583c8,0x000000079a080000)
  to   space 5120K, 0% used [0x0000000799680000,0x0000000799680000,0x0000000799b80000)
 ParOldGen       total 87552K, used 4811K [0x0000000740000000, 0x0000000745580000, 0x0000000795580000)
  object space 87552K, 5% used [0x0000000740000000,0x00000007404b2cc8,0x0000000745580000)
 Metaspace       used 20759K, capacity 21032K, committed 21296K, reserved 1069056K
  class space    used 2506K, capacity 2630K, committed 2688K, reserved 1048576K
}
Event: 19.193 GC heap before
{Heap before GC invocations=5 (full 1):
 PSYoungGen      total 71680K, used 3936K [0x0000000795580000, 0x000000079a080000, 0x00000007c0000000)
  eden space 66560K, 0% used [0x0000000795580000,0x0000000795580000,0x0000000799680000)
  from space 5120K, 76% used [0x0000000799b80000,0x0000000799f583c8,0x000000079a080000)
  to   space 5120K, 0% used [0x0000000799680000,0x0000000799680000,0x0000000799b80000)
 ParOldGen       total 87552K, used 4811K [0x0000000740000000, 0x0000000745580000, 0x0000000795580000)
  object space 87552K, 5% used [0x0000000740000000,0x00000007404b2cc8,0x0000000745580000)
 Metaspace       used 20759K, capacity 21032K, committed 21296K, reserved 1069056K
  class space    used 2506K, capacity 2630K, committed 2688K, reserved 1048576K
Event: 19.232 GC heap after
Heap after GC invocations=5 (full 1):
 PSYoungGen      total 71680K, used 0K [0x0000000795580000, 0x000000079a080000, 0x00000007c0000000)
  eden space 66560K, 0% used [0x0000000795580000,0x0000000795580000,0x0000000799680000)
  from space 5120K, 0% used [0x0000000799b80000,0x0000000799b80000,0x000000079a080000)
  to   space 5120K, 0% used [0x0000000799680000,0x0000000799680000,0x0000000799b80000)
 ParOldGen       total 46592K, used 5706K [0x0000000740000000, 0x0000000742d80000, 0x0000000795580000)
  object space 46592K, 12% used [0x0000000740000000,0x0000000740592a70,0x0000000742d80000)
 Metaspace       used 20759K, capacity 21032K, committed 21296K, reserved 1069056K
  class space    used 2506K, capacity 2630K, committed 2688K, reserved 1048576K
}
Event: 32.034 GC heap before
{Heap before GC invocations=6 (full 1):
 PSYoungGen      total 71680K, used 66560K [0x0000000795580000, 0x000000079a080000, 0x00000007c0000000)
  eden space 66560K, 100% used [0x0000000795580000,0x0000000799680000,0x0000000799680000)
  from space 5120K, 0% used [0x0000000799b80000,0x0000000799b80000,0x000000079a080000)
  to   space 5120K, 0% used [0x0000000799680000,0x0000000799680000,0x0000000799b80000)
 ParOldGen       total 46592K, used 5706K [0x0000000740000000, 0x0000000742d80000, 0x0000000795580000)
  object space 46592K, 12% used [0x0000000740000000,0x0000000740592a70,0x0000000742d80000)
 Metaspace       used 24461K, capacity 24806K, committed 25216K, reserved 1071104K
  class space    used 2977K, capacity 3115K, committed 3200K, reserved 1048576K
Event: 32.042 GC heap after
Heap after GC invocations=6 (full 1):
 PSYoungGen      total 71680K, used 5105K [0x0000000795580000, 0x000000079e380000, 0x00000007c0000000)
  eden space 66560K, 0% used [0x0000000795580000,0x0000000795580000,0x0000000799680000)
  from space 5120K, 99% used [0x0000000799680000,0x0000000799b7c620,0x0000000799b80000)
  to   space 10240K, 0% used [0x000000079d980000,0x000000079d980000,0x000000079e380000)
 ParOldGen       total 46592K, used 8609K [0x0000000740000000, 0x0000000742d80000, 0x0000000795580000)
  object space 46592K, 18% used [0x0000000740000000,0x00000007408684f0,0x0000000742d80000)
 Metaspace       used 24461K, capacity 24806K, committed 25216K, reserved 1071104K
  class space    used 2977K, capacity 3115K, committed 3200K, reserved 1048576K
}
Event: 36.847 GC heap before
{Heap before GC invocations=7 (full 1):
 PSYoungGen      total 71680K, used 71665K [0x0000000795580000, 0x000000079e380000, 0x00000007c0000000)
  eden space 66560K, 100% used [0x0000000795580000,0x0000000799680000,0x0000000799680000)
  from space 5120K, 99% used [0x0000000799680000,0x0000000799b7c620,0x0000000799b80000)
  to   space 10240K, 0% used [0x000000079d980000,0x000000079d980000,0x000000079e380000)
 ParOldGen       total 46592K, used 8609K [0x0000000740000000, 0x0000000742d80000, 0x0000000795580000)
  object space 46592K, 18% used [0x0000000740000000,0x00000007408684f0,0x0000000742d80000)
 Metaspace       used 25804K, capacity 26054K, committed 26496K, reserved 1073152K
  class space    used 3232K, capacity 3339K, committed 3456K, reserved 1048576K
Event: 36.852 GC heap after
Heap after GC invocations=7 (full 1):
 PSYoungGen      total 129024K, used 6375K [0x0000000795580000, 0x000000079e000000, 0x00000007c0000000)
  eden space 122368K, 0% used [0x0000000795580000,0x0000000795580000,0x000000079cd00000)
  from space 6656K, 95% used [0x000000079d980000,0x000000079dfb9e50,0x000000079e000000)
  to   space 9728K, 0% used [0x000000079cd00000,0x000000079cd00000,0x000000079d680000)
 ParOldGen       total 46592K, used 8617K [0x0000000740000000, 0x0000000742d80000, 0x0000000795580000)
  object space 46592K, 18% used [0x0000000740000000,0x000000074086a4f0,0x0000000742d80000)
 Metaspace       used 25804K, capacity 26054K, committed 26496K, reserved 1073152K
  class space    used 3232K, capacity 3339K, committed 3456K, reserved 1048576K
}
Event: 394.930 GC heap before
{Heap before GC invocations=8 (full 1):
 PSYoungGen      total 129024K, used 128743K [0x0000000795580000, 0x000000079e000000, 0x00000007c0000000)
  eden space 122368K, 100% used [0x0000000795580000,0x000000079cd00000,0x000000079cd00000)
  from space 6656K, 95% used [0x000000079d980000,0x000000079dfb9e50,0x000000079e000000)
  to   space 9728K, 0% used [0x000000079cd00000,0x000000079cd00000,0x000000079d680000)
 ParOldGen       total 46592K, used 8617K [0x0000000740000000, 0x0000000742d80000, 0x0000000795580000)
  object space 46592K, 18% used [0x0000000740000000,0x000000074086a4f0,0x0000000742d80000)
 Metaspace       used 27906K, capacity 28216K, committed 28672K, reserved 1075200K
  class space    used 3438K, capacity 3566K, committed 3584K, reserved 1048576K
Event: 394.949 GC heap after
Heap after GC invocations=8 (full 1):
 PSYoungGen      total 127488K, used 9721K [0x0000000795580000, 0x000000079e480000, 0x00000007c0000000)
  eden space 117760K, 0% used [0x0000000795580000,0x0000000795580000,0x000000079c880000)
  from space 9728K, 99% used [0x000000079cd00000,0x000000079d67e738,0x000000079d680000)
  to   space 14336K, 0% used [0x000000079d680000,0x000000079d680000,0x000000079e480000)
 ParOldGen       total 46592K, used 16022K [0x0000000740000000, 0x0000000742d80000, 0x0000000795580000)
  object space 46592K, 34% used [0x0000000740000000,0x0000000740fa5988,0x0000000742d80000)
 Metaspace       used 27906K, capacity 28216K, committed 28672K, reserved 1075200K
  class space    used 3438K, capacity 3566K, committed 3584K, reserved 1048576K
}

