# JRE version: Java(TM) SE Runtime Environment (8.0_77-b03) (build 1.8.0_77-b03)
# Java VM: Java HotSpot(TM) 64-Bit Server VM (25.77-b03 mixed mode bsd-amd64 compressed oops)
Heap:
 PSYoungGen      total 71680K, used 61410K [0x0000000795580000, 0x000000079a080000, 0x00000007c0000000)
  eden space 66560K, 92% used [0x0000000795580000,0x0000000799178868,0x0000000799680000)
  from space 5120K, 0% used [0x0000000799b80000,0x0000000799b80000,0x000000079a080000)
  to   space 5120K, 0% used [0x0000000799680000,0x0000000799680000,0x0000000799b80000)
 ParOldGen       total 51712K, used 8670K [0x0000000740000000, 0x0000000743280000, 0x0000000795580000)
  object space 51712K, 16% used [0x0000000740000000,0x0000000740877a70,0x0000000743280000)
 Metaspace       used 24932K, capacity 25204K, committed 25600K, reserved 1071104K
  class space    used 3093K, capacity 3208K, committed 3328K, reserved 1048576K
GC Heap History (10 events):
Event: 7.599 GC heap before
{Heap before GC invocations=1 (full 0):
 PSYoungGen      total 38400K, used 33280K [0x0000000795580000, 0x0000000798000000, 0x00000007c0000000)
  eden space 33280K, 100% used [0x0000000795580000,0x0000000797600000,0x0000000797600000)
  from space 5120K, 0% used [0x0000000797b00000,0x0000000797b00000,0x0000000798000000)
  to   space 5120K, 0% used [0x0000000797600000,0x0000000797600000,0x0000000797b00000)
 ParOldGen       total 87552K, used 0K [0x0000000740000000, 0x0000000745580000, 0x0000000795580000)
  object space 87552K, 0% used [0x0000000740000000,0x0000000740000000,0x0000000745580000)
 Metaspace       used 18918K, capacity 19180K, committed 19456K, reserved 1067008K
  class space    used 2360K, capacity 2464K, committed 2560K, reserved 1048576K
Event: 7.616 GC heap after
Heap after GC invocations=1 (full 0):
 PSYoungGen      total 38400K, used 5093K [0x0000000795580000, 0x0000000798000000, 0x00000007c0000000)
  eden space 33280K, 0% used [0x0000000795580000,0x0000000795580000,0x0000000797600000)
  from space 5120K, 99% used [0x0000000797600000,0x0000000797af9558,0x0000000797b00000)
  to   space 5120K, 0% used [0x0000000797b00000,0x0000000797b00000,0x0000000798000000)
 ParOldGen       total 87552K, used 3453K [0x0000000740000000, 0x0000000745580000, 0x0000000795580000)
  object space 87552K, 3% used [0x0000000740000000,0x000000074035f568,0x0000000745580000)
 Metaspace       used 18918K, capacity 19180K, committed 19456K, reserved 1067008K
  class space    used 2360K, capacity 2464K, committed 2560K, reserved 1048576K
}
Event: 7.976 GC heap before
{Heap before GC invocations=2 (full 0):
 PSYoungGen      total 38400K, used 37733K [0x0000000795580000, 0x0000000798000000, 0x00000007c0000000)
  eden space 33280K, 98% used [0x0000000795580000,0x000000079755fea8,0x0000000797600000)
  from space 5120K, 99% used [0x0000000797600000,0x0000000797af9558,0x0000000797b00000)
  to   space 5120K, 0% used [0x0000000797b00000,0x0000000797b00000,0x0000000798000000)
 ParOldGen       total 87552K, used 3453K [0x0000000740000000, 0x0000000745580000, 0x0000000795580000)
  object space 87552K, 3% used [0x0000000740000000,0x000000074035f568,0x0000000745580000)
 Metaspace       used 19250K, capacity 19500K, committed 19712K, reserved 1067008K
  class space    used 2362K, capacity 2464K, committed 2560K, reserved 1048576K
Event: 7.991 GC heap after
Heap after GC invocations=2 (full 0):
 PSYoungGen      total 38400K, used 3936K [0x0000000795580000, 0x000000079a080000, 0x00000007c0000000)
  eden space 33280K, 0% used [0x0000000795580000,0x0000000795580000,0x0000000797600000)
  from space 5120K, 76% used [0x0000000797b00000,0x0000000797ed83c8,0x0000000798000000)
  to   space 5120K, 0% used [0x0000000797600000,0x0000000797600000,0x0000000797b00000)
 ParOldGen       total 87552K, used 3461K [0x0000000740000000, 0x0000000745580000, 0x0000000795580000)
  object space 87552K, 3% used [0x0000000740000000,0x0000000740361568,0x0000000745580000)
 Metaspace       used 19250K, capacity 19500K, committed 19712K, reserved 1067008K
  class space    used 2362K, capacity 2464K, committed 2560K, reserved 1048576K
}
Event: 8.161 GC heap before
{Heap before GC invocations=3 (full 0):
 PSYoungGen      total 38400K, used 37216K [0x0000000795580000, 0x000000079a080000, 0x00000007c0000000)
  eden space 33280K, 100% used [0x0000000795580000,0x0000000797600000,0x0000000797600000)
  from space 5120K, 76% used [0x0000000797b00000,0x0000000797ed83c8,0x0000000798000000)
  to   space 5120K, 0% used [0x0000000797600000,0x0000000797600000,0x0000000797b00000)
 ParOldGen       total 87552K, used 3461K [0x0000000740000000, 0x0000000745580000, 0x0000000795580000)
  object space 87552K, 3% used [0x0000000740000000,0x0000000740361568,0x0000000745580000)
 Metaspace       used 19359K, capacity 19634K, committed 19968K, reserved 1067008K
  class space    used 2363K, capacity 2465K, committed 2560K, reserved 1048576K
Event: 8.169 GC heap after
Heap after GC invocations=3 (full 0):
 PSYoungGen      total 38400K, used 5109K [0x0000000795580000, 0x000000079a080000, 0x00000007c0000000)
  eden space 33280K, 0% used [0x0000000795580000,0x0000000795580000,0x0000000797600000)
  from space 5120K, 99% used [0x0000000797600000,0x0000000797afd568,0x0000000797b00000)
  to   space 5120K, 0% used [0x0000000799b80000,0x0000000799b80000,0x000000079a080000)
 ParOldGen       total 87552K, used 4921K [0x0000000740000000, 0x0000000745580000, 0x0000000795580000)
  object space 87552K, 5% used [0x0000000740000000,0x00000007404ce578,0x0000000745580000)
 Metaspace       used 19359K, capacity 19634K, committed 19968K, reserved 1067008K
  class space    used 2363K, capacity 2465K, committed 2560K, reserved 1048576K
}
Event: 11.200 GC heap before
{Heap before GC invocations=4 (full 0):
 PSYoungGen      total 38400K, used 37932K [0x0000000795580000, 0x000000079a080000, 0x00000007c0000000)
  eden space 33280K, 98% used [0x0000000795580000,0x000000079758dd08,0x0000000797600000)
  from space 5120K, 99% used [0x0000000797600000,0x0000000797afd568,0x0000000797b00000)
  to   space 5120K, 0% used [0x0000000799b80000,0x0000000799b80000,0x000000079a080000)
 ParOldGen       total 87552K, used 4921K [0x0000000740000000, 0x0000000745580000, 0x0000000795580000)
  object space 87552K, 5% used [0x0000000740000000,0x00000007404ce578,0x0000000745580000)
 Metaspace       used 20799K, capacity 21050K, committed 21296K, reserved 1069056K
  class space    used 2541K, capacity 2657K, committed 2688K, reserved 1048576K
Event: 11.213 GC heap after
Heap after GC invocations=4 (full 0):
 PSYoungGen      total 71680K, used 5093K [0x0000000795580000, 0x000000079a080000, 0x00000007c0000000)
  eden space 66560K, 0% used [0x0000000795580000,0x0000000795580000,0x0000000799680000)
  from space 5120K, 99% used [0x0000000799b80000,0x000000079a079558,0x000000079a080000)
  to   space 5120K, 0% used [0x0000000799680000,0x0000000799680000,0x0000000799b80000)
 ParOldGen       total 87552K, used 6609K [0x0000000740000000, 0x0000000745580000, 0x0000000795580000)
  object space 87552K, 7% used [0x0000000740000000,0x0000000740674578,0x0000000745580000)
 Metaspace       used 20799K, capacity 21050K, committed 21296K, reserved 1069056K
  class space    used 2541K, capacity 2657K, committed 2688K, reserved 1048576K
}
Event: 11.213 GC heap before
{Heap before GC invocations=5 (full 1):
 PSYoungGen      total 71680K, used 5093K [0x0000000795580000, 0x000000079a080000, 0x00000007c0000000)
  eden space 66560K, 0% used [0x0000000795580000,0x0000000795580000,0x0000000799680000)
  from space 5120K, 99% used [0x0000000799b80000,0x000000079a079558,0x000000079a080000)
  to   space 5120K, 0% used [0x0000000799680000,0x0000000799680000,0x0000000799b80000)
 ParOldGen       total 87552K, used 6609K [0x0000000740000000, 0x0000000745580000, 0x0000000795580000)
  object space 87552K, 7% used [0x0000000740000000,0x0000000740674578,0x0000000745580000)
 Metaspace       used 20799K, capacity 21050K, committed 21296K, reserved 1069056K
  class space    used 2541K, capacity 2657K, committed 2688K, reserved 1048576K
Event: 11.266 GC heap after
Heap after GC invocations=5 (full 1):
 PSYoungGen      total 71680K, used 0K [0x0000000795580000, 0x000000079a080000, 0x00000007c0000000)
  eden space 66560K, 0% used [0x0000000795580000,0x0000000795580000,0x0000000799680000)
  from space 5120K, 0% used [0x0000000799b80000,0x0000000799b80000,0x000000079a080000)
  to   space 5120K, 0% used [0x0000000799680000,0x0000000799680000,0x0000000799b80000)
 ParOldGen       total 51712K, used 8670K [0x0000000740000000, 0x0000000743280000, 0x0000000795580000)
  object space 51712K, 16% used [0x0000000740000000,0x0000000740877a70,0x0000000743280000)
 Metaspace       used 20799K, capacity 21050K, committed 21296K, reserved 1069056K
  class space    used 2541K, capacity 2657K, committed 2688K, reserved 1048576K
}

